[2020-03-04 00:51:43] local.ERROR: The "--v" option does not exist. {"exception":"[object] (Symfony\\Component\\Console\\Exception\\RuntimeException(code: 0): The \"--v\" option does not exist. at /Applications/XAMPP/xamppfiles/htdocs/ProyekAkhir/vendor/symfony/console/Input/ArgvInput.php:200)
[stacktrace]
#0 /Applications/XAMPP/xamppfiles/htdocs/ProyekAkhir/vendor/symfony/console/Input/ArgvInput.php(144): Symfony\\Component\\Console\\Input\\ArgvInput->addLongOption('v', NULL)
#1 /Applications/XAMPP/xamppfiles/htdocs/ProyekAkhir/vendor/symfony/console/Input/ArgvInput.php(78): Symfony\\Component\\Console\\Input\\ArgvInput->parseLongOption('--v')
#2 /Applications/XAMPP/xamppfiles/htdocs/ProyekAkhir/vendor/symfony/console/Input/Input.php(55): Symfony\\Component\\Console\\Input\\ArgvInput->parse()
#3 /Applications/XAMPP/xamppfiles/htdocs/ProyekAkhir/vendor/symfony/console/Command/Command.php(214): Symfony\\Component\\Console\\Input\\Input->bind(Object(Symfony\\Component\\Console\\Input\\InputDefinition))
#4 /Applications/XAMPP/xamppfiles/htdocs/ProyekAkhir/vendor/symfony/console/Application.php(912): Symfony\\Component\\Console\\Command\\Command->run(Object(Symfony\\Component\\Console\\Input\\ArgvInput), Object(Symfony\\Component\\Console\\Output\\ConsoleOutput))
#5 /Applications/XAMPP/xamppfiles/htdocs/ProyekAkhir/vendor/symfony/console/Application.php(264): Symfony\\Component\\Console\\Application->doRunCommand(Object(Symfony\\Component\\Console\\Command\\ListCommand), Object(Symfony\\Component\\Console\\Input\\ArgvInput), Object(Symfony\\Component\\Console\\Output\\ConsoleOutput))
#6 /Applications/XAMPP/xamppfiles/htdocs/ProyekAkhir/vendor/symfony/console/Application.php(140): Symfony\\Component\\Console\\Application->doRun(Object(Symfony\\Component\\Console\\Input\\ArgvInput), Object(Symfony\\Component\\Console\\Output\\ConsoleOutput))
#7 /Applications/XAMPP/xamppfiles/htdocs/ProyekAkhir/vendor/laravel/framework/src/Illuminate/Console/Application.php(93): Symfony\\Component\\Console\\Application->run(Object(Symfony\\Component\\Console\\Input\\ArgvInput), Object(Symfony\\Component\\Console\\Output\\ConsoleOutput))
#8 /Applications/XAMPP/xamppfiles/htdocs/ProyekAkhir/vendor/laravel/framework/src/Illuminate/Foundation/Console/Kernel.php(130): Illuminate\\Console\\Application->run(Object(Symfony\\Component\\Console\\Input\\ArgvInput), Object(Symfony\\Component\\Console\\Output\\ConsoleOutput))
#9 /Applications/XAMPP/xamppfiles/htdocs/ProyekAkhir/artisan(37): Illuminate\\Foundation\\Console\\Kernel->handle(Object(Symfony\\Component\\Console\\Input\\ArgvInput), Object(Symfony\\Component\\Console\\Output\\ConsoleOutput))
#10 {main}
"} 
[2020-03-04 01:06:23] local.ERROR: Command "make:auth" is not defined.

Did you mean one of these?
    make:channel
    make:command
    make:component
    make:controller
    make:event
    make:exception
    make:factory
    make:job
    make:listener
    make:mail
    make:middleware
    make:migration
    make:model
    make:notification
    make:observer
    make:policy
    make:provider
    make:request
    make:resource
    make:rule
    make:seeder
    make:test {"exception":"[object] (Symfony\\Component\\Console\\Exception\\CommandNotFoundException(code: 0): Command \"make:auth\" is not defined.

Did you mean one of these?
    make:channel
    make:command
    make:component
    make:controller
    make:event
    make:exception
    make:factory
    make:job
    make:listener
    make:mail
    make:middleware
    make:migration
    make:model
    make:notification
    make:observer
    make:policy
    make:provider
    make:request
    make:resource
    make:rule
    make:seeder
    make:test at /Applications/XAMPP/xamppfiles/htdocs/ProyekAkhir/vendor/symfony/console/Application.php:644)
[stacktrace]
#0 /Applications/XAMPP/xamppfiles/htdocs/ProyekAkhir/vendor/symfony/console/Application.php(228): Symfony\\Component\\Console\\Application->find('make:auth')
#1 /Applications/XAMPP/xamppfiles/htdocs/ProyekAkhir/vendor/symfony/console/Application.php(140): Symfony\\Component\\Console\\Application->doRun(Object(Symfony\\Component\\Console\\Input\\ArgvInput), Object(Symfony\\Component\\Console\\Output\\ConsoleOutput))
#2 /Applications/XAMPP/xamppfiles/htdocs/ProyekAkhir/vendor/laravel/framework/src/Illuminate/Console/Application.php(93): Symfony\\Component\\Console\\Application->run(Object(Symfony\\Component\\Console\\Input\\ArgvInput), Object(Symfony\\Component\\Console\\Output\\ConsoleOutput))
#3 /Applications/XAMPP/xamppfiles/htdocs/ProyekAkhir/vendor/laravel/framework/src/Illuminate/Foundation/Console/Kernel.php(130): Illuminate\\Console\\Application->run(Object(Symfony\\Component\\Console\\Input\\ArgvInput), Object(Symfony\\Component\\Console\\Output\\ConsoleOutput))
#4 /Applications/XAMPP/xamppfiles/htdocs/ProyekAkhir/artisan(37): Illuminate\\Foundation\\Console\\Kernel->handle(Object(Symfony\\Component\\Console\\Input\\ArgvInput), Object(Symfony\\Component\\Console\\Output\\ConsoleOutput))
#5 {main}
"} 
